## SLURM PROLOG ###############################################################
##    Job ID : 290150
##  Job Name : post_compare_case_H0.0083_D0.0083_flat_tilt_T6.0_m0.0001
##  Nodelist : node2334
##      CPUs : 1
##  Mem/Node : 8192 MB
## Directory : /oscar/data/dharri15/eaguerov/examples/openfoam/openfoam-test
##   Job Started : Fri Feb  6 04:38:46 PM EST 2026
###############################################################################
------------------------------------------------------------
Action: compare | Case: case_H0.0083_D0.0083_flat_tilt_T6.0_m0.0001
Date: $(date)
Python: $(which python)
  📊 Comparing analytical and OpenFOAM interfaces for ....
  ✅ Comparison complete.
End: $(date)
------------------------------------------------------------
## SLURM PROLOG ###############################################################
##    Job ID : 332633
##  Job Name : post_compare_case_H0.0083_D0.0083_flat_tilt_T6.0_m0.0001
##  Nodelist : node2336
##      CPUs : 1
##  Mem/Node : 8192 MB
## Directory : /oscar/data/dharri15/eaguerov/examples/openfoam/openfoam-test
##   Job Started : Tue Feb 10 07:56:58 AM EST 2026
###############################################################################
------------------------------------------------------------
Action: compare | Case: case_H0.0083_D0.0083_flat_tilt_T6.0_m0.0001
Date: $(date)
Python: $(which python)
  📊 Comparing analytical and OpenFOAM interfaces for ....
  ✅ Comparison complete.
End: $(date)
------------------------------------------------------------
## SLURM PROLOG ###############################################################
##    Job ID : 332675
##  Job Name : post_compare_case_H0.0083_D0.0083_flat_tilt_T6.0_m0.0001
##  Nodelist : node2334
##      CPUs : 1
##  Mem/Node : 8192 MB
## Directory : /oscar/data/dharri15/eaguerov/examples/openfoam/openfoam-test
##   Job Started : Tue Feb 10 08:18:43 AM EST 2026
###############################################################################
------------------------------------------------------------
Action: compare | Case: case_H0.0083_D0.0083_flat_tilt_T6.0_m0.0001
Date: $(date)
Python: $(which python)
  📊 Comparing analytical and OpenFOAM interfaces for ....
  ✅ Comparison complete.
/usr/bin/xvfb-run: line 186: kill: (2415627) - No such process
